130224 20:12:36 [Note] Plugin 'FEDERATED' is disabled.
130224 20:12:36 InnoDB: The InnoDB memory heap is disabled
130224 20:12:36 InnoDB: Mutexes and rw_locks use Windows interlocked functions
130224 20:12:36 InnoDB: Compressed tables use zlib 1.2.3
130224 20:12:36 InnoDB: Initializing buffer pool, size = 128.0M
130224 20:12:36 InnoDB: Completed initialization of buffer pool
InnoDB: The first specified data file D:\WebDevBusiness\Web-Site-Git\Site\mysql\data\ibdata1 did not exist:
InnoDB: a new database to be created!
130224 20:12:36  InnoDB: Setting file D:\WebDevBusiness\Web-Site-Git\Site\mysql\data\ibdata1 size to 10 MB
InnoDB: Database physically writes the file full: wait...
130224 20:12:37  InnoDB: Log file D:\WebDevBusiness\Web-Site-Git\Site\mysql\data\ib_logfile0 did not exist: new to be created
InnoDB: Setting log file D:\WebDevBusiness\Web-Site-Git\Site\mysql\data\ib_logfile0 size to 5 MB
InnoDB: Database physically writes the file full: wait...
130224 20:12:37  InnoDB: Log file D:\WebDevBusiness\Web-Site-Git\Site\mysql\data\ib_logfile1 did not exist: new to be created
InnoDB: Setting log file D:\WebDevBusiness\Web-Site-Git\Site\mysql\data\ib_logfile1 size to 5 MB
InnoDB: Database physically writes the file full: wait...
InnoDB: Doublewrite buffer not found: creating new
InnoDB: Doublewrite buffer created
InnoDB: 127 rollback segment(s) active.
InnoDB: Creating foreign key constraint system tables
InnoDB: Foreign key constraint system tables created
130224 20:12:38  InnoDB: Waiting for the background threads to start
130224 20:12:39 InnoDB: 1.1.8 started; log sequence number 0
130224 20:12:39 [Note] Event Scheduler: Loaded 0 events
130224 20:12:39 [Note] D:\WebDevBusiness\Web-Site-Git\Site/mysql/bin/mysqld_usbwv8.exe: ready for connections.
Version: '5.5.20'  socket: ''  port: 3307  MySQL Community Server (GPL)
